# JRE version: OpenJDK Runtime Environment (8.0_212) (build 1.8.0_212-release-1586-b4-5784211)
# Java VM: OpenJDK 64-Bit Server VM (25.212-b4-5784211 mixed mode linux-amd64 compressed oops)
Heap:
 PSYoungGen      total 477696K, used 33494K [0x00000000e0000000, 0x0000000100000000, 0x0000000100000000)
  eden space 432128K, 7% used [0x00000000e0000000,0x00000000e20b5850,0x00000000fa600000)
  from space 45568K, 0% used [0x00000000fd380000,0x00000000fd380000,0x0000000100000000)
  to   space 46080K, 0% used [0x00000000fa600000,0x00000000fa600000,0x00000000fd300000)
 ParOldGen       total 130560K, used 52713K [0x00000000a0000000, 0x00000000a7f80000, 0x00000000e0000000)
  object space 130560K, 40% used [0x00000000a0000000,0x00000000a337a7e8,0x00000000a7f80000)
 Metaspace       used 87427K, capacity 91208K, committed 94104K, reserved 1130496K
  class space    used 11615K, capacity 12314K, committed 12976K, reserved 1048576K
GC Heap History (10 events):
Event: 8,368 GC heap before
{Heap before GC invocations=12 (full 3):
 PSYoungGen      total 370176K, used 19012K [0x00000000e0000000, 0x00000000fdc00000, 0x0000000100000000)
  eden space 346112K, 0% used [0x00000000e0000000,0x00000000e0000000,0x00000000f5200000)
  from space 24064K, 79% used [0x00000000f5200000,0x00000000f64912e0,0x00000000f6980000)
  to   space 26112K, 0% used [0x00000000fc280000,0x00000000fc280000,0x00000000fdc00000)
 ParOldGen       total 86016K, used 30650K [0x00000000a0000000, 0x00000000a5400000, 0x00000000e0000000)
  object space 86016K, 35% used [0x00000000a0000000,0x00000000a1dee890,0x00000000a5400000)
 Metaspace       used 56779K, capacity 59064K, committed 59160K, reserved 1099776K
  class space    used 7717K, capacity 8223K, committed 8240K, reserved 1048576K
Event: 8,550 GC heap after
Heap after GC invocations=12 (full 3):
 PSYoungGen      total 370176K, used 0K [0x00000000e0000000, 0x00000000fdc00000, 0x0000000100000000)
  eden space 346112K, 0% used [0x00000000e0000000,0x00000000e0000000,0x00000000f5200000)
  from space 24064K, 0% used [0x00000000f5200000,0x00000000f5200000,0x00000000f6980000)
  to   space 26112K, 0% used [0x00000000fc280000,0x00000000fc280000,0x00000000fdc00000)
 ParOldGen       total 130560K, used 33146K [0x00000000a0000000, 0x00000000a7f80000, 0x00000000e0000000)
  object space 130560K, 25% used [0x00000000a0000000,0x00000000a205eaf0,0x00000000a7f80000)
 Metaspace       used 56779K, capacity 59064K, committed 59160K, reserved 1099776K
  class space    used 7717K, capacity 8223K, committed 8240K, reserved 1048576K
}
Event: 11,474 GC heap before
{Heap before GC invocations=13 (full 3):
 PSYoungGen      total 370176K, used 346112K [0x00000000e0000000, 0x00000000fdc00000, 0x0000000100000000)
  eden space 346112K, 100% used [0x00000000e0000000,0x00000000f5200000,0x00000000f5200000)
  from space 24064K, 0% used [0x00000000f5200000,0x00000000f5200000,0x00000000f6980000)
  to   space 26112K, 0% used [0x00000000fc280000,0x00000000fc280000,0x00000000fdc00000)
 ParOldGen       total 130560K, used 33146K [0x00000000a0000000, 0x00000000a7f80000, 0x00000000e0000000)
  object space 130560K, 25% used [0x00000000a0000000,0x00000000a205eaf0,0x00000000a7f80000)
 Metaspace       used 68058K, capacity 71378K, committed 71704K, reserved 1112064K
  class space    used 9265K, capacity 9910K, committed 10032K, reserved 1048576K
Event: 11,501 GC heap after
Heap after GC invocations=13 (full 3):
 PSYoungGen      total 453632K, used 26104K [0x00000000e0000000, 0x00000000fe080000, 0x0000000100000000)
  eden space 427520K, 0% used [0x00000000e0000000,0x00000000e0000000,0x00000000fa180000)
  from space 26112K, 99% used [0x00000000fc280000,0x00000000fdbfe2b0,0x00000000fdc00000)
  to   space 32256K, 0% used [0x00000000fa180000,0x00000000fa180000,0x00000000fc100000)
 ParOldGen       total 130560K, used 38708K [0x00000000a0000000, 0x00000000a7f80000, 0x00000000e0000000)
  object space 130560K, 29% used [0x00000000a0000000,0x00000000a25cd1e8,0x00000000a7f80000)
 Metaspace       used 68058K, capacity 71378K, committed 71704K, reserved 1112064K
  class space    used 9265K, capacity 9910K, committed 10032K, reserved 1048576K
}
Event: 21,150 GC heap before
{Heap before GC invocations=14 (full 3):
 PSYoungGen      total 453632K, used 453624K [0x00000000e0000000, 0x00000000fe080000, 0x0000000100000000)
  eden space 427520K, 100% used [0x00000000e0000000,0x00000000fa180000,0x00000000fa180000)
  from space 26112K, 99% used [0x00000000fc280000,0x00000000fdbfe2b0,0x00000000fdc00000)
  to   space 32256K, 0% used [0x00000000fa180000,0x00000000fa180000,0x00000000fc100000)
 ParOldGen       total 130560K, used 38708K [0x00000000a0000000, 0x00000000a7f80000, 0x00000000e0000000)
  object space 130560K, 29% used [0x00000000a0000000,0x00000000a25cd1e8,0x00000000a7f80000)
 Metaspace       used 86897K, capacity 92128K, committed 92312K, reserved 1128448K
  class space    used 11901K, capacity 12890K, committed 12976K, reserved 1048576K
Event: 21,214 GC heap after
Heap after GC invocations=14 (full 3):
 PSYoungGen      total 459776K, used 32250K [0x00000000e0000000, 0x0000000100000000, 0x0000000100000000)
  eden space 427520K, 0% used [0x00000000e0000000,0x00000000e0000000,0x00000000fa180000)
  from space 32256K, 99% used [0x00000000fa180000,0x00000000fc0feaf0,0x00000000fc100000)
  to   space 45568K, 0% used [0x00000000fd380000,0x00000000fd380000,0x0000000100000000)
 ParOldGen       total 130560K, used 61318K [0x00000000a0000000, 0x00000000a7f80000, 0x00000000e0000000)
  object space 130560K, 46% used [0x00000000a0000000,0x00000000a3be1ba0,0x00000000a7f80000)
 Metaspace       used 86897K, capacity 92128K, committed 92312K, reserved 1128448K
  class space    used 11901K, capacity 12890K, committed 12976K, reserved 1048576K
}
Event: 3608,551 GC heap before
{Heap before GC invocations=15 (full 3):
 PSYoungGen      total 459776K, used 447931K [0x00000000e0000000, 0x0000000100000000, 0x0000000100000000)
  eden space 427520K, 97% used [0x00000000e0000000,0x00000000f95f04c0,0x00000000fa180000)
  from space 32256K, 99% used [0x00000000fa180000,0x00000000fc0feaf0,0x00000000fc100000)
  to   space 45568K, 0% used [0x00000000fd380000,0x00000000fd380000,0x0000000100000000)
 ParOldGen       total 130560K, used 61318K [0x00000000a0000000, 0x00000000a7f80000, 0x00000000e0000000)
  object space 130560K, 46% used [0x00000000a0000000,0x00000000a3be1ba0,0x00000000a7f80000)
 Metaspace       used 88738K, capacity 94072K, committed 94104K, reserved 1130496K
  class space    used 11964K, capacity 12946K, committed 12976K, reserved 1048576K
Event: 3608,587 GC heap after
Heap after GC invocations=15 (full 3):
 PSYoungGen      total 477696K, used 26978K [0x00000000e0000000, 0x0000000100000000, 0x0000000100000000)
  eden space 432128K, 0% used [0x00000000e0000000,0x00000000e0000000,0x00000000fa600000)
  from space 45568K, 59% used [0x00000000fd380000,0x00000000fedd8988,0x0000000100000000)
  to   space 46080K, 0% used [0x00000000fa600000,0x00000000fa600000,0x00000000fd300000)
 ParOldGen       total 130560K, used 77215K [0x00000000a0000000, 0x00000000a7f80000, 0x00000000e0000000)
  object space 130560K, 59% used [0x00000000a0000000,0x00000000a4b67cd0,0x00000000a7f80000)
 Metaspace       used 88738K, capacity 94072K, committed 94104K, reserved 1130496K
  class space    used 11964K, capacity 12946K, committed 12976K, reserved 1048576K
}
Event: 3608,587 GC heap before
{Heap before GC invocations=16 (full 4):
 PSYoungGen      total 477696K, used 26978K [0x00000000e0000000, 0x0000000100000000, 0x0000000100000000)
  eden space 432128K, 0% used [0x00000000e0000000,0x00000000e0000000,0x00000000fa600000)
  from space 45568K, 59% used [0x00000000fd380000,0x00000000fedd8988,0x0000000100000000)
  to   space 46080K, 0% used [0x00000000fa600000,0x00000000fa600000,0x00000000fd300000)
 ParOldGen       total 130560K, used 77215K [0x00000000a0000000, 0x00000000a7f80000, 0x00000000e0000000)
  object space 130560K, 59% used [0x00000000a0000000,0x00000000a4b67cd0,0x00000000a7f80000)
 Metaspace       used 88738K, capacity 94072K, committed 94104K, reserved 1130496K
  class space    used 11964K, capacity 12946K, committed 12976K, reserved 1048576K
Event: 3608,740 GC heap after
Heap after GC invocations=16 (full 4):
 PSYoungGen      total 477696K, used 0K [0x00000000e0000000, 0x0000000100000000, 0x0000000100000000)
  eden space 432128K, 0% used [0x00000000e0000000,0x00000000e0000000,0x00000000fa600000)
  from space 45568K, 0% used [0x00000000fd380000,0x00000000fd380000,0x0000000100000000)
  to   space 46080K, 0% used [0x00000000fa600000,0x00000000fa600000,0x00000000fd300000)
 ParOldGen       total 130560K, used 52713K [0x00000000a0000000, 0x00000000a7f80000, 0x00000000e0000000)
  object space 130560K, 40% used [0x00000000a0000000,0x00000000a337a7e8,0x00000000a7f80000)
 Metaspace       used 87336K, capacity 91074K, committed 94104K, reserved 1130496K
  class space    used 11601K, capacity 12289K, committed 12976K, reserved 1048576K
}

